<?xml version="1.0" encoding="UTF-8"?>
<!-- Generated by org.testng.reporters.JUnitReportReporter -->
<testsuite hostname="SYSTEMS369" failures="0" tests="1" name="qaclickacademy.RESTAPITest" time="0.013" errors="0" timestamp="2022-08-10T14:15:57 IST" skipped="0">
  <testcase classname="qaclickacademy.RESTAPITest" name="deleterTwitter" time="0.013"/>
  <system-out/>
</testsuite> <!-- qaclickacademy.RESTAPITest -->
