<?xml version="1.0" encoding="UTF-8"?>
<!-- Generated by org.testng.reporters.JUnitReportReporter -->
<testsuite hostname="SYSTEMS369" failures="0" tests="2" name="qaclickacademy.AppiumTest" time="0.009" errors="0" timestamp="2022-08-13T16:01:24 IST" skipped="0">
  <testcase classname="qaclickacademy.AppiumTest" name="Nativeappandroid" time="0.001"/>
  <system-out/>
  <testcase classname="qaclickacademy.AppiumTest" name="Iosapps" time="0.008"/>
  <system-out/>
</testsuite> <!-- qaclickacademy.AppiumTest -->
