<?xml version="1.0" encoding="UTF-8"?>
<!-- Generated by org.testng.reporters.JUnitReportReporter -->
<testsuite hostname="SYSTEMS369" failures="0" tests="2" name="qaclickacademy.SeleniumTest" time="0.003" errors="0" timestamp="2022-08-13T16:01:24 IST" skipped="0">
  <testcase classname="qaclickacademy.SeleniumTest" name="BrowserAutomation" time="0.001"/>
  <system-out/>
  <testcase classname="qaclickacademy.SeleniumTest" name="elementsUi" time="0.002"/>
  <system-out/>
</testsuite> <!-- qaclickacademy.SeleniumTest -->
